This is pdfTeX, Version 3.1415926-1.40.10 (TeX Live 2009/Debian) (format=pdflatex 2013.7.11)  8 FEB 2014 15:26
entering extended mode
 %&-line parsing enabled.
**NUbotsTDP2014.tex
(./NUbotsTDP2014.tex
LaTeX2e <2009/09/24>
Babel <v3.8l> and hyphenation patterns for english, usenglishmax, dumylang, noh
yphenation, loaded.
(./llncs.cls
Document Class: llncs 2002/01/28 v2.13 
 LaTeX document class for Lecture Notes in Computer Science
(/usr/share/texmf-texlive/tex/latex/base/article.cls
Document Class: article 2007/10/19 v1.4h Standard LaTeX document class
(/usr/share/texmf-texlive/tex/latex/base/size10.clo
File: size10.clo 2007/10/19 v1.4h Standard LaTeX file (size option)
)
\c@part=\count79
\c@section=\count80
\c@subsection=\count81
\c@subsubsection=\count82
\c@paragraph=\count83
\c@subparagraph=\count84
\c@figure=\count85
\c@table=\count86
\abovecaptionskip=\skip41
\belowcaptionskip=\skip42
\bibindent=\dimen102
)
(/usr/share/texmf-texlive/tex/latex/tools/multicol.sty
Package: multicol 2008/12/05 v1.6h multicolumn formatting (FMi)
\c@tracingmulticols=\count87
\mult@box=\box26
\multicol@leftmargin=\dimen103
\c@unbalance=\count88
\c@collectmore=\count89
\doublecol@number=\count90
\multicoltolerance=\count91
\multicolpretolerance=\count92
\full@width=\dimen104
\page@free=\dimen105
\premulticols=\dimen106
\postmulticols=\dimen107
\multicolsep=\skip43
\multicolbaselineskip=\skip44
\partial@page=\box27
\last@line=\box28
\mult@rightbox=\box29
\mult@grightbox=\box30
\mult@gfirstbox=\box31
\mult@firstbox=\box32
\@tempa=\box33
\@tempa=\box34
\@tempa=\box35
\@tempa=\box36
\@tempa=\box37
\@tempa=\box38
\@tempa=\box39
\@tempa=\box40
\@tempa=\box41
\@tempa=\box42
\@tempa=\box43
\@tempa=\box44
\@tempa=\box45
\@tempa=\box46
\@tempa=\box47
\@tempa=\box48
\@tempa=\box49
\c@columnbadness=\count93
\c@finalcolumnbadness=\count94
\last@try=\dimen108
\multicolovershoot=\dimen109
\multicolundershoot=\dimen110
\mult@nat@firstbox=\box50
\colbreak@box=\box51
)
\c@chapter=\count95
LaTeX Font Info:    Redeclaring math symbol \Gamma on input line 360.
LaTeX Font Info:    Redeclaring math symbol \Delta on input line 361.
LaTeX Font Info:    Redeclaring math symbol \Theta on input line 362.
LaTeX Font Info:    Redeclaring math symbol \Lambda on input line 363.
LaTeX Font Info:    Redeclaring math symbol \Xi on input line 364.
LaTeX Font Info:    Redeclaring math symbol \Pi on input line 365.
LaTeX Font Info:    Redeclaring math symbol \Sigma on input line 366.
LaTeX Font Info:    Redeclaring math symbol \Upsilon on input line 367.
LaTeX Font Info:    Redeclaring math symbol \Phi on input line 368.
LaTeX Font Info:    Redeclaring math symbol \Psi on input line 369.
LaTeX Font Info:    Redeclaring math symbol \Omega on input line 370.
\tocchpnum=\dimen111
\tocsecnum=\dimen112
\tocsectotal=\dimen113
\tocsubsecnum=\dimen114
\tocsubsectotal=\dimen115
\tocsubsubsecnum=\dimen116
\tocsubsubsectotal=\dimen117
\tocparanum=\dimen118
\tocparatotal=\dimen119
\tocsubparanum=\dimen120
\@tempcntc=\count96
\fnindent=\dimen121
\c@@inst=\count97
\c@@auth=\count98
\c@auco=\count99
\instindent=\dimen122
\authrun=\box52
\authorrunning=\toks14
\tocauthor=\toks15
\titrun=\box53
\titlerunning=\toks16
\toctitle=\toks17
\c@theorem=\count100
\c@case=\count101
\c@conjecture=\count102
\c@corollary=\count103
\c@definition=\count104
\c@example=\count105
\c@exercise=\count106
\c@lemma=\count107
\c@note=\count108
\c@problem=\count109
\c@property=\count110
\c@proposition=\count111
\c@question=\count112
\c@solution=\count113
\c@remark=\count114
\headlineindent=\dimen123
)
(/usr/share/texmf-texlive/tex/latex/graphics/graphicx.sty
Package: graphicx 1999/02/16 v1.0f Enhanced LaTeX Graphics (DPC,SPQR)

(/usr/share/texmf-texlive/tex/latex/graphics/keyval.sty
Package: keyval 1999/03/16 v1.13 key=value parser (DPC)
\KV@toks@=\toks18
)
(/usr/share/texmf-texlive/tex/latex/graphics/graphics.sty
Package: graphics 2009/02/05 v1.0o Standard LaTeX Graphics (DPC,SPQR)

(/usr/share/texmf-texlive/tex/latex/graphics/trig.sty
Package: trig 1999/03/16 v1.09 sin cos tan (DPC)
)
(/etc/texmf/tex/latex/config/graphics.cfg
File: graphics.cfg 2009/08/28 v1.8 graphics configuration of TeX Live
)
Package graphics Info: Driver file: pdftex.def on input line 91.

(/usr/share/texmf-texlive/tex/latex/pdftex-def/pdftex.def
File: pdftex.def 2010/03/12 v0.04p Graphics/color for pdfTeX
\Gread@gobject=\count115
))
\Gin@req@height=\dimen124
\Gin@req@width=\dimen125
)
No file NUbotsTDP2014.aux.
\openout1 = `NUbotsTDP2014.aux'.

LaTeX Font Info:    Checking defaults for OML/cmm/m/it on input line 12.
LaTeX Font Info:    ... okay on input line 12.
LaTeX Font Info:    Checking defaults for T1/cmr/m/n on input line 12.
LaTeX Font Info:    ... okay on input line 12.
LaTeX Font Info:    Checking defaults for OT1/cmr/m/n on input line 12.
LaTeX Font Info:    ... okay on input line 12.
LaTeX Font Info:    Checking defaults for OMS/cmsy/m/n on input line 12.
LaTeX Font Info:    ... okay on input line 12.
LaTeX Font Info:    Checking defaults for OMX/cmex/m/n on input line 12.
LaTeX Font Info:    ... okay on input line 12.
LaTeX Font Info:    Checking defaults for U/cmr/m/n on input line 12.
LaTeX Font Info:    ... okay on input line 12.
(/usr/share/texmf-texlive/tex/context/base/supp-pdf.mkii
[Loading MPS to PDF converter (version 2006.09.02).]
\scratchcounter=\count116
\scratchdimen=\dimen126
\scratchbox=\box54
\nofMPsegments=\count117
\nofMParguments=\count118
\everyMPshowfont=\toks19
\MPscratchCnt=\count119
\MPscratchDim=\dimen127
\MPnumerator=\count120
\everyMPtoPDFconversion=\toks20
)
LaTeX Font Info:    External font `cmex10' loaded for size
(Font)              <7> on input line 44.
LaTeX Font Info:    External font `cmex10' loaded for size
(Font)              <5> on input line 44.


LaTeX Warning: Citation `ChalupOstwald2009' on page 1 undefined on input line 5
6.

[1



{/var/lib/texmf/fonts/map/pdftex/updmap/pdftex.map}] [2]

LaTeX Warning: Citation `ChalupEtAlSMC2007' on page 3 undefined on input line 1
35.


LaTeX Warning: Citation `nubotsGit' on page 3 undefined on input line 135.


LaTeX Warning: Citation `Kulk2011c' on page 3 undefined on input line 135.


LaTeX Warning: Reference `fig:platform' on page 3 undefined on input line 137.

<Platform.png, id=15, 303.534pt x 108.8868pt>
File: Platform.png Graphic file (type png)
 <use Platform.png>

LaTeX Warning: Citation `Kulk2011c' on page 3 undefined on input line 142.


LaTeX Warning: Citation `Kulk2011c' on page 3 undefined on input line 142.

[3]

LaTeX Warning: Citation `BHumanWalk2010' on page 4 undefined on input line 149.


[4 <./Platform.png>] <TAJ3850.png, id=25, 2087.32765pt x 950.84647pt>
File: TAJ3850.png Graphic file (type png)

<use TAJ3850.png>

LaTeX Warning: Float too large for page by 117.06487pt on input line 167.


LaTeX Warning: Citation `budden2012colour' on page 5 undefined on input line 17
4.


LaTeX Warning: Citation `budden2012ball' on page 5 undefined on input line 174.



LaTeX Warning: Citation `henderson_2007' on page 5 undefined on input line 174.



LaTeX Warning: Citation `nickin_2007' on page 5 undefined on input line 174.


LaTeX Warning: Citation `NUBOT2006' on page 5 undefined on input line 174.


LaTeX Warning: Citation `Henderson2008' on page 5 undefined on input line 174.


Underfull \hbox (badness 10000) in paragraph at lines 174--176

 []


Underfull \hbox (badness 10000) in paragraph at lines 177--188

 []


LaTeX Warning: Citation `ChalupEtAl2006' on page 5 undefined on input line 191.



Underfull \hbox (badness 10000) in paragraph at lines 189--193

 []


LaTeX Warning: Citation `QuinlanEtAlACRA2003' on page 5 undefined on input line
 194.


LaTeX Warning: Citation `ChalupEtAlSMC2007' on page 5 undefined on input line 1
94.


LaTeX Warning: Citation `Kulk2008' on page 5 undefined on input line 194.


LaTeX Warning: Citation `Kulk2010' on page 5 undefined on input line 194.


LaTeX Warning: Citation `Kulk2010a' on page 5 undefined on input line 194.


LaTeX Warning: Citation `Kulk2011a' on page 5 undefined on input line 194.


LaTeX Warning: Citation `Kulk2011b' on page 5 undefined on input line 194.


LaTeX Warning: Citation `WiklendtChalup2008' on page 5 undefined on input line 
195.


LaTeX Warning: Citation `BHumanWalk2010' on page 5 undefined on input line 195.



Underfull \hbox (badness 10000) in paragraph at lines 194--197

 []

[5] [6 <./TAJ3850.png (PNG copy)>]

LaTeX Warning: Citation `ANFA2012' on page 7 undefined on input line 198.


LaTeX Warning: Citation `Pareidolia2010' on page 7 undefined on input line 198.



LaTeX Warning: Citation `HongEtAl2013a' on page 7 undefined on input line 198.


LaTeX Warning: Citation `HongEtAl2013b' on page 7 undefined on input line 198.


LaTeX Warning: Citation `WongEtAl2013' on page 7 undefined on input line 198.


Underfull \hbox (badness 10000) in paragraph at lines 198--200

 []


LaTeX Warning: Citation `JalalianEtAl_CAADRIA2011' on page 7 undefined on input
 line 201.


LaTeX Warning: Citation `WongEtAl2012' on page 7 undefined on input line 201.


LaTeX Warning: Citation `BhatiaEtAl2012' on page 7 undefined on input line 201.



Underfull \hbox (badness 10000) in paragraph at lines 201--203

 []


LaTeX Warning: Citation `ChalupEtAl2007b' on page 7 undefined on input line 208
.


LaTeX Warning: Citation `WongChalup_WCCI_2008' on page 7 undefined on input lin
e 208.


LaTeX Warning: Citation `WongChalup2008' on page 7 undefined on input line 208.



LaTeX Warning: Citation `WongEtAl2012' on page 7 undefined on input line 208.


Underfull \hbox (badness 10000) in paragraph at lines 204--210

 []

No file NUbotsTDP2014.bbl.
[7] (./NUbotsTDP2014.aux)

LaTeX Warning: There were undefined references.


LaTeX Warning: Label(s) may have changed. Rerun to get cross-references right.

 ) 
Here is how much of TeX's memory you used:
 1310 strings out of 495061
 15853 string characters out of 1182621
 75033 words of memory out of 3000000
 4530 multiletter control sequences out of 15000+50000
 6446 words of font info for 24 fonts, out of 3000000 for 9000
 28 hyphenation exceptions out of 8191
 29i,8n,21p,946b,266s stack positions out of 5000i,500n,10000p,200000b,50000s
</usr/share/texmf-texlive/fonts/type1/public/amsfonts/cm/cmbx10.pfb></usr/sha
re/texmf-texlive/fonts/type1/public/amsfonts/cm/cmbx12.pfb></usr/share/texmf-te
xlive/fonts/type1/public/amsfonts/cm/cmbx9.pfb></usr/share/texmf-texlive/fonts/
type1/public/amsfonts/cm/cmr10.pfb></usr/share/texmf-texlive/fonts/type1/public
/amsfonts/cm/cmr9.pfb></usr/share/texmf-texlive/fonts/type1/public/amsfonts/cm/
cmti10.pfb></usr/share/texmf-texlive/fonts/type1/public/amsfonts/cm/cmtt10.pfb>
</usr/share/texmf-texlive/fonts/type1/public/amsfonts/cm/cmtt9.pfb>
Output written on NUbotsTDP2014.pdf (7 pages, 287370 bytes).
PDF statistics:
 62 PDF objects out of 1000 (max. 8388607)
 0 named destinations out of 1000 (max. 500000)
 11 words of extra memory for PDF output out of 10000 (max. 10000000)

